warning: No library characterized for (process = 1.00 voltage = 0.85 temperature = 25.00) can be found in the database for power domain '/PD_TOP'  [NL-174]
Report Power (instances with prefix '*' are included in total) : 
-----+-------------+--------------------+---------------------+-------------------+-----------------
     | Instance    | Internal Power(uw) | Switching Power(uw) | Leakage Power(uw) | Total Power(uw) 
-----+-------------+--------------------+---------------------+-------------------+-----------------
1    |*a0          |            0.943400|             0.430897|           0.145155|         1.519451
2    |*b0          |            0.123776|             0.249069|           0.061230|         0.434075
3    |*bFinal      |            0.085772|             0.173678|           0.036164|         0.295613
4    |*genblk1_1_a |            0.540426|             0.159452|           0.061230|         0.761108
5    |*genblk1_2_a |            0.540426|             0.159452|           0.061230|         0.761108
6    |*genblk1_3_a |            0.540426|             0.159452|           0.061230|         0.761108
7    |*genblk1_4_a |            0.540426|             0.159452|           0.061230|         0.761108
8    |*genblk1_5_a |            0.540426|             0.159452|           0.061230|         0.761108
9    |*genblk1_6_a |            0.540426|             0.159452|           0.061230|         0.761108
10   |*genblk1_7_a |            0.540426|             0.159452|           0.061230|         0.761108
11   |*genblk1_8_a |            0.540426|             0.159452|           0.061230|         0.761108
12   |*genblk1_9_a |            0.540426|             0.159452|           0.061230|         0.761108
13   |*genblk1_10_a|            0.540426|             0.159452|           0.061230|         0.761108
14   |*genblk1_11_a|            0.540426|             0.159452|           0.061230|         0.761108
15   |*genblk1_12_a|            0.540426|             0.159452|           0.061230|         0.761108
16   |*genblk1_13_a|            0.540426|             0.159452|           0.061230|         0.761108
17   |*genblk1_14_a|            0.540426|             0.159452|           0.061230|         0.761108
18   |*genblk1_15_a|            0.540426|             0.159452|           0.061230|         0.761108
19   |*genblk1_16_a|            0.540426|             0.159452|           0.061230|         0.761108
20   |*genblk1_17_a|            0.540426|             0.159452|           0.061230|         0.761108
21   |*genblk1_18_a|            0.540426|             0.159452|           0.061230|         0.761108
22   |*genblk1_19_a|            0.540426|             0.159452|           0.061230|         0.761108
23   |*genblk1_20_a|            0.540426|             0.159452|           0.061230|         0.761108
24   |*genblk1_21_a|            0.540426|             0.159452|           0.061230|         0.761108
25   |*genblk1_22_a|            0.540426|             0.159452|           0.061230|         0.761108
26   |*genblk1_23_a|            0.540426|             0.159452|           0.061230|         0.761108
27   |*genblk1_24_a|            0.540426|             0.159452|           0.061230|         0.761108
28   |*genblk1_25_a|            0.540426|             0.159452|           0.061230|         0.761108
29   |*genblk1_26_a|            0.540426|             0.159452|           0.061230|         0.761108
30   |*genblk1_27_a|            0.540426|             0.159452|           0.061230|         0.761108
31   |*genblk1_28_a|            0.540426|             0.159452|           0.061230|         0.761108
32   |*genblk1_29_a|            0.540426|             0.159452|           0.061230|         0.761108
33   |*genblk1_30_a|            0.540426|             0.159452|           0.061230|         0.761108
34   |*genblk1_31_a|            0.539131|             0.130882|           0.061230|         0.731243
35   |*genblk2_1_b |            0.267928|             0.374320|           0.145155|         0.787403
36   |*genblk2_2_b |            0.268145|             0.374731|           0.145155|         0.788031
37   |*genblk2_3_b |            0.268242|             0.374786|           0.145155|         0.788182
38   |*genblk2_4_b |            0.268284|             0.374909|           0.145155|         0.788347
39   |*genblk2_5_b |            0.268302|             0.374932|           0.145155|         0.788389
40   |*genblk2_6_b |            0.268310|             0.374874|           0.145155|         0.788339
41   |*genblk2_7_b |            0.268314|             0.374887|           0.145155|         0.788356
42   |*genblk2_8_b |            0.268316|             0.375120|           0.145155|         0.788591
43   |*genblk2_9_b |            0.268317|             0.375062|           0.145155|         0.788532
44   |*genblk2_10_b|            0.268317|             0.375190|           0.145155|         0.788662
45   |*genblk2_11_b|            0.268317|             0.375122|           0.145155|         0.788594
46   |*genblk2_12_b|            0.268317|             0.375191|           0.145155|         0.788662
47   |*genblk2_13_b|            0.268317|             0.375191|           0.145155|         0.788663
48   |*genblk2_14_b|            0.268317|             0.375122|           0.145155|         0.788594
49   |*genblk2_15_b|            0.268317|             0.375131|           0.145155|         0.788602
50   |*genblk2_16_b|            0.268318|             0.375362|           0.145155|         0.788834
51   |*genblk2_17_b|            0.268318|             0.375302|           0.145155|         0.788774
52   |*genblk2_18_b|            0.268318|             0.375431|           0.145155|         0.788903
53   |*genblk2_19_b|            0.268318|             0.375362|           0.145155|         0.788834
54   |*genblk2_20_b|            0.268318|             0.375431|           0.145155|         0.788903
55   |*genblk2_21_b|            0.268318|             0.375431|           0.145155|         0.788903
56   |*genblk2_22_b|            0.268318|             0.375362|           0.145155|         0.788834
57   |*genblk2_23_b|            0.268318|             0.375371|           0.145155|         0.788843
58   |*genblk2_24_b|            0.268319|             0.375602|           0.145155|         0.789075
59   |*genblk2_25_b|            0.268318|             0.375542|           0.145155|         0.789015
60   |*genblk2_26_b|            0.268319|             0.375670|           0.145155|         0.789144
61   |*genblk2_27_b|            0.268319|             0.375602|           0.145155|         0.789075
62   |*genblk2_28_b|            0.268319|             0.375670|           0.145155|         0.789144
63   |*genblk2_29_b|            0.268319|             0.375671|           0.145155|         0.789144
64   |*genblk2_30_b|            0.266372|             0.770046|           0.145155|         1.181572
65   |*i_0_0_0     |            0.097883|             0.135134|           0.048314|         0.281330
66   |*i_0_0_1     |            0.510145|             0.028798|           0.014353|         0.553296
67   |*i_0_0_2     |            0.023877|             0.029381|           0.014353|         0.067612
68   |*i_0_0_3     |            0.509345|             0.030408|           0.014353|         0.554106
69   |             |                    |                     |                   |                 
70   |*TOTAL       |           27.092995|            17.643232|           6.586679|        51.322903
-----+-------------+--------------------+---------------------+-------------------+-----------------
