Report for group default
Report for group I2R
Report for group I2O
------------------------------------------------------------------------------------------------------------------------------------------------------------
Startpoint: A[0]
    (Clocked by vsysclk R)
Endpoint: OF
    (Clocked by vsysclk R)
Path Group: I2O
Data required time: 19500.0
    (Clock shift: 20000.0, minus Uncertainty: 0.0, plus Latency 0.0, minus Out delay: 500.0)
Data arrival time: 2951.8
Slack: 16548.2
Logic depth: 50
------------------------------------------------------------------------------------------------------------------------------------------------------------
                                                     Arrival               Arc      Net               Net    Total   fan-                                   
Path                     Module/Cell           Edge     Time    Delay    Delay    Delay     Slew     Load     Load    out     Location Power Domain      (V)
                                                        (ps)     (ps)     (ps)     (ps)     (ps)     (ff)     (ff)    (#)      (um,um)                      
------------------------------------------------------------------------------------------------------------------------------------------------------------
A[0]                     {set_input_delay}        r   1000.0   1000.0   1000.0                        2.2     10.3      2    77,   37                       
genblk1_0_cla/i_0_14/B->Z
                         XOR2_X2                 rf   1031.9     31.7     31.7      0.0   1000.0      0.6      8.2      2    38,   38  /PD_TOP        (1.10)
genblk1_0_cla/i_0_13/B2->ZN
                         AOI22_X4*               fr   1111.7     79.8     79.8      0.0     14.7      0.6     29.2      2    38,   38  /PD_TOP        (1.10)
genblk1_0_cla/i_0_12/A->ZN
                         INV_X8                  rf   1118.6      6.9      6.9      0.0     15.3      0.3      4.2      1    38,   38  /PD_TOP        (1.10)
genblk1_0_cla/i_0_10/B1->ZN
                         AOI22_X4*               fr   1188.2     69.6     69.6      0.0      3.4      0.6     29.2      2    38,   38  /PD_TOP        (1.10)
genblk1_0_cla/i_0_9/A->ZN
                         INV_X8                  rf   1195.1      6.9      6.9      0.0     15.3      0.3      4.2      1    38,   38  /PD_TOP        (1.10)
genblk1_0_cla/i_0_7/B1->ZN
                         AOI22_X4                fr   1238.5     43.4     43.4      0.0      3.4      0.6      7.9      2    38,   38  /PD_TOP        (1.10)
genblk1_0_cla/i_0_0/B1->ZN
                         OAI21_X4                rf   1259.4     20.9     20.9      0.0     29.2      0.6      7.8      2    38,   38  /PD_TOP        (1.10)
genblk1_1_cla/i_0_13/B1->ZN
                         AOI22_X4*               fr   1332.4     73.2     73.0      0.2     10.8      0.6     29.2      2    38,   38  /PD_TOP        (1.10)
genblk1_1_cla/i_0_12/A->ZN
                         INV_X8                  rf   1339.3      6.9      6.9      0.0     15.3      0.3      4.2      1    38,   38  /PD_TOP        (1.10)
genblk1_1_cla/i_0_10/B1->ZN
                         AOI22_X4*               fr   1408.9     69.6     69.6      0.0      3.4      0.6     29.2      2    38,   38  /PD_TOP        (1.10)
genblk1_1_cla/i_0_9/A->ZN
                         INV_X8                  rf   1415.8      6.9      6.9      0.0     15.3      0.3      4.2      1    38,   38  /PD_TOP        (1.10)
genblk1_1_cla/i_0_7/B1->ZN
                         AOI22_X4                fr   1459.2     43.4     43.4      0.0      3.4      0.6      7.9      2    38,   38  /PD_TOP        (1.10)
genblk1_1_cla/i_0_0/B1->ZN
                         OAI21_X4                rf   1480.1     20.9     20.9      0.0     29.2      0.6      7.8      2    38,   38  /PD_TOP        (1.10)
genblk1_2_cla/i_0_13/B1->ZN
                         AOI22_X4*               fr   1553.1     73.0     73.0      0.0     10.8      0.6     29.2      2    38,   38  /PD_TOP        (1.10)
genblk1_2_cla/i_0_12/A->ZN
                         INV_X8                  rf   1560.0      6.9      6.9      0.0     15.3      0.3      4.2      1    38,   38  /PD_TOP        (1.10)
genblk1_2_cla/i_0_10/B1->ZN
                         AOI22_X4*               fr   1629.6     69.6     69.6      0.0      3.4      0.6     29.2      2    38,   38  /PD_TOP        (1.10)
genblk1_2_cla/i_0_9/A->ZN
                         INV_X8                  rf   1636.5      6.9      6.9      0.0     15.3      0.3      4.2      1    38,   38  /PD_TOP        (1.10)
genblk1_2_cla/i_0_7/B1->ZN
                         AOI22_X4                fr   1679.9     43.4     43.4      0.0      3.4      0.6      7.9      2    38,   38  /PD_TOP        (1.10)
genblk1_2_cla/i_0_0/B1->ZN
                         OAI21_X4                rf   1700.8     20.9     20.9      0.0     29.2      0.6      7.8      2    38,   38  /PD_TOP        (1.10)
genblk1_3_cla/i_0_13/B1->ZN
                         AOI22_X4*               fr   1773.8     73.0     73.0      0.0     10.8      0.6     29.2      2    38,   38  /PD_TOP        (1.10)
genblk1_3_cla/i_0_12/A->ZN
                         INV_X8                  rf   1780.7      6.9      6.9      0.0     15.3      0.3      4.2      1    38,   38  /PD_TOP        (1.10)
genblk1_3_cla/i_0_10/B1->ZN
                         AOI22_X4*               fr   1850.3     69.6     69.6      0.0      3.4      0.6     29.2      2    38,   38  /PD_TOP        (1.10)
genblk1_3_cla/i_0_9/A->ZN
                         INV_X8                  rf   1857.2      6.9      6.9      0.0     15.3      0.3      4.2      1    38,   38  /PD_TOP        (1.10)
genblk1_3_cla/i_0_7/B1->ZN
                         AOI22_X4                fr   1900.6     43.4     43.4      0.0      3.4      0.6      7.9      2    38,   38  /PD_TOP        (1.10)
genblk1_3_cla/i_0_0/B1->ZN
                         OAI21_X4                rf   1921.5     20.9     20.9      0.0     29.2      0.6      7.8      2    38,   38  /PD_TOP        (1.10)
genblk1_4_cla/i_0_13/B1->ZN
                         AOI22_X4*               fr   1994.5     73.0     73.0      0.0     10.8      0.6     29.2      2    38,   38  /PD_TOP        (1.10)
genblk1_4_cla/i_0_12/A->ZN
                         INV_X8                  rf   2001.4      6.9      6.9      0.0     15.3      0.3      4.2      1    38,   38  /PD_TOP        (1.10)
genblk1_4_cla/i_0_10/B1->ZN
                         AOI22_X4*               fr   2071.0     69.6     69.6      0.0      3.4      0.6     29.2      2    38,   38  /PD_TOP        (1.10)
genblk1_4_cla/i_0_9/A->ZN
                         INV_X8                  rf   2077.9      6.9      6.9      0.0     15.3      0.3      4.2      1    38,   38  /PD_TOP        (1.10)
genblk1_4_cla/i_0_7/B1->ZN
                         AOI22_X4                fr   2121.3     43.4     43.4      0.0      3.4      0.6      7.9      2    38,   38  /PD_TOP        (1.10)
genblk1_4_cla/i_0_0/B1->ZN
                         OAI21_X4                rf   2142.2     20.9     20.9      0.0     29.2      0.6      7.8      2    38,   38  /PD_TOP        (1.10)
genblk1_5_cla/i_0_13/B1->ZN
                         AOI22_X4*               fr   2215.2     73.0     73.0      0.0     10.8      0.6     29.2      2    38,   38  /PD_TOP        (1.10)
genblk1_5_cla/i_0_12/A->ZN
                         INV_X8                  rf   2222.1      6.9      6.9      0.0     15.3      0.3      4.2      1    38,   38  /PD_TOP        (1.10)
genblk1_5_cla/i_0_10/B1->ZN
                         AOI22_X4*               fr   2291.7     69.6     69.6      0.0      3.4      0.6     29.2      2    38,   38  /PD_TOP        (1.10)
genblk1_5_cla/i_0_9/A->ZN
                         INV_X8                  rf   2298.6      6.9      6.9      0.0     15.3      0.3      4.2      1    38,   38  /PD_TOP        (1.10)
genblk1_5_cla/i_0_7/B1->ZN
                         AOI22_X4                fr   2342.0     43.4     43.4      0.0      3.4      0.6      7.9      2    38,   38  /PD_TOP        (1.10)
genblk1_5_cla/i_0_0/B1->ZN
                         OAI21_X4                rf   2362.9     20.9     20.9      0.0     29.2      0.6      7.8      2    38,   38  /PD_TOP        (1.10)
genblk1_6_cla/i_0_13/B1->ZN
                         AOI22_X4*               fr   2435.9     73.0     73.0      0.0     10.8      0.6     29.2      2    38,   38  /PD_TOP        (1.10)
genblk1_6_cla/i_0_12/A->ZN
                         INV_X8                  rf   2442.8      6.9      6.9      0.0     15.3      0.3      4.2      1    38,   38  /PD_TOP        (1.10)
genblk1_6_cla/i_0_10/B1->ZN
                         AOI22_X4*               fr   2512.4     69.6     69.6      0.0      3.4      0.6     29.2      2    38,   38  /PD_TOP        (1.10)
genblk1_6_cla/i_0_9/A->ZN
                         INV_X8                  rf   2519.3      6.9      6.9      0.0     15.3      0.3      4.2      1    38,   38  /PD_TOP        (1.10)
genblk1_6_cla/i_0_7/B1->ZN
                         AOI22_X4                fr   2562.7     43.4     43.4      0.0      3.4      0.6      7.9      2    38,   38  /PD_TOP        (1.10)
genblk1_6_cla/i_0_0/B1->ZN
                         OAI21_X4                rf   2583.6     20.9     20.9      0.0     29.2      0.6      7.8      2    38,   38  /PD_TOP        (1.10)
genblk1_7_cla/i_0_13/B1->ZN
                         AOI22_X4*               fr   2656.6     73.0     73.0      0.0     10.8      0.6     29.2      2    38,   38  /PD_TOP        (1.10)
genblk1_7_cla/i_0_12/A->ZN
                         INV_X8                  rf   2663.5      6.9      6.9      0.0     15.3      0.3      4.2      1    38,   38  /PD_TOP        (1.10)
genblk1_7_cla/i_0_10/B1->ZN
                         AOI22_X4*               fr   2733.1     69.6     69.6      0.0      3.4      0.6     29.2      2    38,   38  /PD_TOP        (1.10)
genblk1_7_cla/i_0_9/A->ZN
                         INV_X8                  rf   2740.0      6.9      6.9      0.0     15.3      0.3      4.2      1    38,   38  /PD_TOP        (1.10)
genblk1_7_cla/i_0_7/B1->ZN
                         AOI22_X4                fr   2783.4     43.4     43.4      0.0      3.4      0.6      7.9      2    38,   38  /PD_TOP        (1.10)
genblk1_7_cla/i_0_4/A->Z XOR2_X2*                rr   2904.8    121.4    121.4      0.0     29.2      0.6     40.0      3    38,   38  /PD_TOP        (1.10)
i_0_0_0/A2->ZN           OAI33_X1                rf   2951.6     46.8     46.8      0.0     15.3      2.3     12.3      1    38,   38  /PD_TOP        (1.10)
OF                                                f   2951.8      0.2               0.2     33.8                             77,   35                       
------------------------------------------------------------------------------------------------------------------------------------------------------------
Report for group R2O
