warning: No library characterized for (process = 1.00 voltage = 0.85 temperature = 25.00) can be found in the database for power domain '/PD_TOP'  [NL-174]
Report Power (instances with prefix '*' are included in total) : 
-----+----------------+--------------------+---------------------+-------------------+-----------------
     | Instance       | Internal Power(uw) | Switching Power(uw) | Leakage Power(uw) | Total Power(uw) 
-----+----------------+--------------------+---------------------+-------------------+-----------------
1    |*genblk1_3_rbl_1|            6.780431|             2.835548|           1.205733|        10.821713
2    |*genblk1_3_rbl_0|            6.703629|             2.315445|           1.168685|        10.187759
3    |*genblk1_2_rbl_1|            5.643601|             2.308849|           1.114359|         9.066810
4    |*genblk1_2_rbl_0|            5.566819|             1.789512|           1.077311|         8.433641
5    |*genblk1_1_rbl_1|            5.643601|             2.308849|           1.114359|         9.066810
6    |*genblk1_1_rbl_0|            5.566819|             1.789512|           1.077311|         8.433641
7    |*genblk1_0_rbl_1|            5.643601|             2.308849|           1.114359|         9.066810
8    |*genblk1_0_rbl_0|            5.566819|             1.789512|           1.077311|         8.433641
9    |*i_0_0_0        |            0.222366|             0.191987|           0.035928|         0.450281
10   |*i_0_0_1        |            0.222077|             0.189694|           0.035928|         0.447700
11   |*i_0_0_2        |            0.222076|             0.189635|           0.035928|         0.447639
12   |*i_0_0_3        |            0.222079|             0.189759|           0.035928|         0.447766
13   |*i_0_0_4        |            0.222142|             0.192158|           0.035928|         0.450228
14   |*i_0_0_5        |            0.222142|             0.192162|           0.035928|         0.450233
15   |*i_0_0_6        |            0.222078|             0.189703|           0.035928|         0.447709
16   |*i_0_0_7        |            0.222144|             0.192227|           0.035928|         0.450299
17   |*i_0_0_8        |            0.087236|             0.192227|           0.035928|         0.315391
18   |*i_0_0_9        |            0.086990|             0.189934|           0.035928|         0.312852
19   |*i_0_0_10       |            0.086988|             0.189874|           0.035928|         0.312791
20   |*i_0_0_11       |            0.086991|             0.189999|           0.035928|         0.312918
21   |*i_0_0_12       |            0.087055|             0.192398|           0.035928|         0.315382
22   |*i_0_0_13       |            0.087056|             0.192402|           0.035928|         0.315386
23   |*i_0_0_14       |            0.086990|             0.189943|           0.035928|         0.312861
24   |*i_0_0_15       |            0.087057|             0.192466|           0.035928|         0.315452
25   |*i_0_0_16       |            0.087243|             0.192466|           0.035928|         0.315638
26   |*i_0_0_17       |            0.086996|             0.190174|           0.035928|         0.313099
27   |*i_0_0_18       |            0.086994|             0.190114|           0.035928|         0.313037
28   |*i_0_0_19       |            0.086998|             0.190239|           0.035928|         0.313165
29   |*i_0_0_20       |            0.087062|             0.192638|           0.035928|         0.315628
30   |*i_0_0_21       |            0.087062|             0.192642|           0.035928|         0.315632
31   |*i_0_0_22       |            0.086996|             0.190183|           0.035928|         0.313107
32   |*i_0_0_23       |            0.087063|             0.192706|           0.035928|         0.315698
33   |*i_0_0_24       |            0.087250|             0.192706|           0.035928|         0.315884
34   |*i_0_0_25       |            0.087002|             0.190414|           0.035928|         0.313345
35   |*i_0_0_26       |            0.087001|             0.190354|           0.035928|         0.313283
36   |*i_0_0_27       |            0.087004|             0.190478|           0.035928|         0.313411
37   |*i_0_0_28       |            0.087068|             0.192878|           0.035928|         0.315874
38   |*i_0_0_29       |            0.087068|             0.192882|           0.035928|         0.315879
39   |*i_0_0_30       |            0.087003|             0.190423|           0.035928|         0.313354
40   |*i_0_0_31       |            0.087143|             0.192946|           0.035928|         0.316018
41   |*i_0_0_32       |            0.062375|             0.135992|           0.035928|         0.234295
42   |*i_0_0_33       |            0.220153|             0.338215|           0.035928|         0.594296
43   |*i_0_0_34       |            0.085504|             0.338203|           0.035928|         0.459636
44   |*i_0_0_35       |            0.085504|             0.338204|           0.035928|         0.459636
45   |*i_0_0_36       |            0.084773|             0.221885|           0.035928|         0.342587
46   |                |                    |                     |                   |                 
47   |*TOTAL          |           51.520039|            24.939379|          10.278767|        86.738182
-----+----------------+--------------------+---------------------+-------------------+-----------------
