warning: No library characterized for (process = 1.00 voltage = 0.85 temperature = 25.00) can be found in the database for power domain '/PD_TOP'  [NL-174]
Report Power (instances with prefix '*' are included in total) : 
-----+--------------+--------------------+---------------------+-------------------+-----------------
     | Instance     | Internal Power(uw) | Switching Power(uw) | Leakage Power(uw) | Total Power(uw) 
-----+--------------+--------------------+---------------------+-------------------+-----------------
1    |*i_0_0_0      |            0.509345|             0.030408|           0.014353|         0.554106
2    |*i_0_0_1      |            0.509814|             0.029464|           0.014353|         0.553631
3    |*i_0_0_2      |            0.023871|             0.029976|           0.014353|         0.068200
4    |*i_0_0_3      |            0.091094|             0.134134|           0.048314|         0.273542
5    |*genblk1_0_FA |            0.943251|             0.423940|           0.145155|         1.512346
6    |*genblk1_1_FA |            0.723617|             0.420418|           0.145155|         1.289189
7    |*genblk1_2_FA |            0.722188|             0.418921|           0.145155|         1.286263
8    |*genblk1_3_FA |            0.721629|             0.418241|           0.145155|         1.285025
9    |*genblk1_4_FA |            0.721416|             0.418077|           0.145155|         1.284648
10   |*genblk1_5_FA |            0.721336|             0.417908|           0.145155|         1.284398
11   |*genblk1_6_FA |            0.721306|             0.418003|           0.145155|         1.284464
12   |*genblk1_7_FA |            0.721295|             0.417922|           0.145155|         1.284371
13   |*genblk1_8_FA |            0.721291|             0.417926|           0.145155|         1.284371
14   |*genblk1_9_FA |            0.721289|             0.418109|           0.145155|         1.284552
15   |*genblk1_10_FA|            0.721289|             0.418176|           0.145155|         1.284620
16   |*genblk1_11_FA|            0.721288|             0.418108|           0.145155|         1.284551
17   |*genblk1_12_FA|            0.721288|             0.418176|           0.145155|         1.284619
18   |*genblk1_13_FA|            0.721288|             0.418095|           0.145155|         1.284538
19   |*genblk1_14_FA|            0.721288|             0.418223|           0.145155|         1.284666
20   |*genblk1_15_FA|            0.721288|             0.418155|           0.145155|         1.284598
21   |*genblk1_16_FA|            0.721288|             0.418163|           0.145155|         1.284606
22   |*genblk1_17_FA|            0.721289|             0.418347|           0.145155|         1.284791
23   |*genblk1_18_FA|            0.721289|             0.418416|           0.145155|         1.284859
24   |*genblk1_19_FA|            0.721289|             0.418347|           0.145155|         1.284791
25   |*genblk1_20_FA|            0.721289|             0.418416|           0.145155|         1.284859
26   |*genblk1_21_FA|            0.721289|             0.418335|           0.145155|         1.284778
27   |*genblk1_22_FA|            0.721289|             0.418463|           0.145155|         1.284907
28   |*genblk1_23_FA|            0.721289|             0.418395|           0.145155|         1.284838
29   |*genblk1_24_FA|            0.721289|             0.418403|           0.145155|         1.284846
30   |*genblk1_25_FA|            0.721289|             0.418587|           0.145155|         1.285031
31   |*genblk1_26_FA|            0.721289|             0.418656|           0.145155|         1.285100
32   |*genblk1_27_FA|            0.721289|             0.418587|           0.145155|         1.285031
33   |*genblk1_28_FA|            0.721289|             0.418656|           0.145155|         1.285100
34   |*genblk1_29_FA|            0.721289|             0.418575|           0.145155|         1.285018
35   |*genblk1_30_FA|            0.721289|             0.418703|           0.145155|         1.285147
36   |*genblk1_31_FA|            0.723499|             0.930859|           0.145155|         1.799512
37   |              |                    |                     |                   |                 
38   |*TOTAL        |           24.443300|            14.130290|           4.736318|        43.309914
-----+--------------+--------------------+---------------------+-------------------+-----------------
