warning: No library characterized for (process = 1.00 voltage = 0.85 temperature = 25.00) can be found in the database for power domain '/PD_TOP'  [NL-174]
Report Power (instances with prefix '*' are included in total) : 
-----+--------------+--------------------+---------------------+-------------------+-----------------
     | Instance     | Internal Power(uw) | Switching Power(uw) | Leakage Power(uw) | Total Power(uw) 
-----+--------------+--------------------+---------------------+-------------------+-----------------
1    |*and32        |            0.107906|             0.058476|           0.777048|         0.943430
2    |*Mux          |            0.076879|             0.180001|           0.035928|         0.292808
3    |*i_0_0_0      |            0.509345|             0.030408|           0.014353|         0.554106
4    |*i_0_0_1      |            0.509814|             0.029464|           0.014353|         0.553631
5    |*i_0_0_2      |            0.023871|             0.029976|           0.014353|         0.068200
6    |*i_0_0_3      |            0.091093|             0.134577|           0.048314|         0.273983
7    |*genblk1_0_FA |            0.937211|             0.459643|           0.145155|         1.542009
8    |*genblk1_1_FA |            0.717081|             0.459179|           0.145155|         1.321415
9    |*genblk1_2_FA |            0.715644|             0.457545|           0.145155|         1.318344
10   |*genblk1_3_FA |            0.715082|             0.457002|           0.145155|         1.317239
11   |*genblk1_4_FA |            0.714868|             0.456701|           0.145155|         1.316724
12   |*genblk1_5_FA |            0.714788|             0.456815|           0.145155|         1.316757
13   |*genblk1_6_FA |            0.714758|             0.456713|           0.145155|         1.316625
14   |*genblk1_7_FA |            0.714746|             0.456709|           0.145155|         1.316610
15   |*genblk1_8_FA |            0.714742|             0.456636|           0.145155|         1.316532
16   |*genblk1_9_FA |            0.714741|             0.456870|           0.145155|         1.316765
17   |*genblk1_10_FA|            0.714740|             0.456801|           0.145155|         1.316695
18   |*genblk1_11_FA|            0.714740|             0.456869|           0.145155|         1.316763
19   |*genblk1_12_FA|            0.714740|             0.456800|           0.145155|         1.316694
20   |*genblk1_13_FA|            0.714740|             0.457002|           0.145155|         1.316896
21   |*genblk1_14_FA|            0.714740|             0.456933|           0.145155|         1.316828
22   |*genblk1_15_FA|            0.714740|             0.456942|           0.145155|         1.316836
23   |*genblk1_16_FA|            0.714740|             0.456873|           0.145155|         1.316767
24   |*genblk1_17_FA|            0.714740|             0.457109|           0.145155|         1.317003
25   |*genblk1_18_FA|            0.714740|             0.457040|           0.145155|         1.316935
26   |*genblk1_19_FA|            0.714740|             0.457109|           0.145155|         1.317003
27   |*genblk1_20_FA|            0.714740|             0.457040|           0.145155|         1.316935
28   |*genblk1_21_FA|            0.714740|             0.457242|           0.145155|         1.317136
29   |*genblk1_22_FA|            0.714740|             0.457173|           0.145155|         1.317068
30   |*genblk1_23_FA|            0.714740|             0.457182|           0.145155|         1.317076
31   |*genblk1_24_FA|            0.714740|             0.457113|           0.145155|         1.317008
32   |*genblk1_25_FA|            0.714740|             0.457349|           0.145155|         1.317243
33   |*genblk1_26_FA|            0.714740|             0.457280|           0.145155|         1.317175
34   |*genblk1_27_FA|            0.714740|             0.457349|           0.145155|         1.317243
35   |*genblk1_28_FA|            0.714740|             0.457280|           0.145155|         1.317175
36   |*genblk1_29_FA|            0.714741|             0.457482|           0.145155|         1.317377
37   |*genblk1_30_FA|            0.714740|             0.457413|           0.145155|         1.317308
38   |*genblk1_31_FA|            0.710114|             0.812964|           0.145155|         1.668232
39   |              |                    |                     |                   |                 
40   |*TOTAL        |           24.412224|            15.449061|           5.549294|        45.410576
-----+--------------+--------------------+---------------------+-------------------+-----------------
