Report for group default
Report for group I2R
Report for group I2O
------------------------------------------------------------------------------------------------------------------------------------------------------------
Startpoint: in2[0]
    (Clocked by vsysclk R)
Endpoint: OF
    (Clocked by vsysclk R)
Path Group: I2O
Data required time: 19500.0
    (Clock shift: 20000.0, minus Uncertainty: 0.0, plus Latency 0.0, minus Out delay: 500.0)
Data arrival time: 3350.3
Slack: 16149.7
Logic depth: 65
------------------------------------------------------------------------------------------------------------------------------------------------------------
                                                     Arrival               Arc      Net               Net    Total   fan-                                   
Path                     Module/Cell           Edge     Time    Delay    Delay    Delay     Slew     Load     Load    out     Location Power Domain      (V)
                                                        (ps)     (ps)     (ps)     (ps)     (ps)     (ff)     (ff)    (#)      (um,um)                      
------------------------------------------------------------------------------------------------------------------------------------------------------------
in2[0]                   {set_input_delay}        r   1000.0   1000.0   1000.0                        2.2      8.2      2    40,   80                       
genblk1_0_FA/HA1/i_0_0/B->Z
                         XOR2_X2                 rf   1035.2     35.0     35.0      0.0   1000.0      0.8      8.6      3    40,   40  /PD_TOP        (1.10)
genblk1_0_FA/HA2/i_0_1/A2->ZN
                         AND2_X4                 ff   1065.8     30.6     30.6      0.0     14.9      0.3      2.5      1    40,   40  /PD_TOP        (1.10)
genblk1_0_FA/i_0_0/A2->ZN
                         OR2_X4                  ff   1110.5     44.7     44.7      0.0      5.1      0.5      5.9      2    40,   40  /PD_TOP        (1.10)
genblk1_1_FA/HA2/i_0_1/A1->ZN
                         AND2_X4                 ff   1135.6     25.3     25.1      0.2      8.7      0.3      2.5      1    40,   40  /PD_TOP        (1.10)
genblk1_1_FA/i_0_0/A2->ZN
                         OR2_X4                  ff   1180.3     44.7     44.7      0.0      5.1      0.5      5.9      2    40,   40  /PD_TOP        (1.10)
genblk1_2_FA/HA2/i_0_1/A1->ZN
                         AND2_X4                 ff   1205.4     25.1     25.1      0.0      8.7      0.3      2.5      1    40,   40  /PD_TOP        (1.10)
genblk1_2_FA/i_0_0/A2->ZN
                         OR2_X4                  ff   1250.1     44.7     44.7      0.0      5.1      0.5      5.9      2    40,   40  /PD_TOP        (1.10)
genblk1_3_FA/HA2/i_0_1/A1->ZN
                         AND2_X4                 ff   1275.2     25.1     25.1      0.0      8.7      0.3      2.5      1    40,   40  /PD_TOP        (1.10)
genblk1_3_FA/i_0_0/A2->ZN
                         OR2_X4                  ff   1319.9     44.7     44.7      0.0      5.1      0.5      5.9      2    40,   40  /PD_TOP        (1.10)
genblk1_4_FA/HA2/i_0_1/A1->ZN
                         AND2_X4                 ff   1345.0     25.1     25.1      0.0      8.7      0.3      2.5      1    40,   40  /PD_TOP        (1.10)
genblk1_4_FA/i_0_0/A2->ZN
                         OR2_X4                  ff   1389.7     44.7     44.7      0.0      5.1      0.5      5.9      2    40,   40  /PD_TOP        (1.10)
genblk1_5_FA/HA2/i_0_1/A1->ZN
                         AND2_X4                 ff   1414.8     25.1     25.1      0.0      8.7      0.3      2.5      1    40,   40  /PD_TOP        (1.10)
genblk1_5_FA/i_0_0/A2->ZN
                         OR2_X4                  ff   1459.5     44.7     44.7      0.0      5.1      0.5      5.9      2    40,   40  /PD_TOP        (1.10)
genblk1_6_FA/HA2/i_0_1/A1->ZN
                         AND2_X4                 ff   1484.6     25.1     25.1      0.0      8.7      0.3      2.5      1    40,   40  /PD_TOP        (1.10)
genblk1_6_FA/i_0_0/A2->ZN
                         OR2_X4                  ff   1529.3     44.7     44.7      0.0      5.1      0.5      5.9      2    40,   40  /PD_TOP        (1.10)
genblk1_7_FA/HA2/i_0_1/A1->ZN
                         AND2_X4                 ff   1554.4     25.1     25.1      0.0      8.7      0.3      2.5      1    40,   40  /PD_TOP        (1.10)
genblk1_7_FA/i_0_0/A2->ZN
                         OR2_X4                  ff   1599.1     44.7     44.7      0.0      5.1      0.5      5.9      2    40,   40  /PD_TOP        (1.10)
genblk1_8_FA/HA2/i_0_1/A1->ZN
                         AND2_X4                 ff   1624.2     25.1     25.1      0.0      8.7      0.3      2.5      1    40,   40  /PD_TOP        (1.10)
genblk1_8_FA/i_0_0/A2->ZN
                         OR2_X4                  ff   1668.9     44.7     44.7      0.0      5.1      0.5      5.9      2    40,   40  /PD_TOP        (1.10)
genblk1_9_FA/HA2/i_0_1/A1->ZN
                         AND2_X4                 ff   1694.0     25.1     25.1      0.0      8.7      0.3      2.5      1    40,   40  /PD_TOP        (1.10)
genblk1_9_FA/i_0_0/A2->ZN
                         OR2_X4                  ff   1738.7     44.7     44.7      0.0      5.1      0.5      5.9      2    40,   40  /PD_TOP        (1.10)
genblk1_10_FA/HA2/i_0_1/A1->ZN
                         AND2_X4                 ff   1763.8     25.1     25.1      0.0      8.7      0.3      2.5      1    40,   40  /PD_TOP        (1.10)
genblk1_10_FA/i_0_0/A2->ZN
                         OR2_X4                  ff   1808.5     44.7     44.7      0.0      5.1      0.5      5.9      2    40,   40  /PD_TOP        (1.10)
genblk1_11_FA/HA2/i_0_1/A1->ZN
                         AND2_X4                 ff   1833.6     25.1     25.1      0.0      8.7      0.3      2.5      1    40,   40  /PD_TOP        (1.10)
genblk1_11_FA/i_0_0/A2->ZN
                         OR2_X4                  ff   1878.3     44.7     44.7      0.0      5.1      0.5      5.9      2    40,   40  /PD_TOP        (1.10)
genblk1_12_FA/HA2/i_0_1/A1->ZN
                         AND2_X4                 ff   1903.4     25.1     25.1      0.0      8.7      0.3      2.5      1    40,   40  /PD_TOP        (1.10)
genblk1_12_FA/i_0_0/A2->ZN
                         OR2_X4                  ff   1948.1     44.7     44.7      0.0      5.1      0.5      5.9      2    40,   40  /PD_TOP        (1.10)
genblk1_13_FA/HA2/i_0_1/A1->ZN
                         AND2_X4                 ff   1973.2     25.1     25.1      0.0      8.7      0.3      2.5      1    40,   40  /PD_TOP        (1.10)
genblk1_13_FA/i_0_0/A2->ZN
                         OR2_X4                  ff   2017.9     44.7     44.7      0.0      5.1      0.5      5.9      2    40,   40  /PD_TOP        (1.10)
genblk1_14_FA/HA2/i_0_1/A1->ZN
                         AND2_X4                 ff   2043.0     25.1     25.1      0.0      8.7      0.3      2.5      1    40,   40  /PD_TOP        (1.10)
genblk1_14_FA/i_0_0/A2->ZN
                         OR2_X4                  ff   2087.7     44.7     44.7      0.0      5.1      0.5      5.9      2    40,   40  /PD_TOP        (1.10)
genblk1_15_FA/HA2/i_0_1/A1->ZN
                         AND2_X4                 ff   2112.8     25.1     25.1      0.0      8.7      0.3      2.5      1    40,   40  /PD_TOP        (1.10)
genblk1_15_FA/i_0_0/A2->ZN
                         OR2_X4                  ff   2157.5     44.7     44.7      0.0      5.1      0.5      5.9      2    40,   40  /PD_TOP        (1.10)
genblk1_16_FA/HA2/i_0_1/A1->ZN
                         AND2_X4                 ff   2182.6     25.1     25.1      0.0      8.7      0.3      2.5      1    40,   40  /PD_TOP        (1.10)
genblk1_16_FA/i_0_0/A2->ZN
                         OR2_X4                  ff   2227.3     44.7     44.7      0.0      5.1      0.5      5.9      2    40,   40  /PD_TOP        (1.10)
genblk1_17_FA/HA2/i_0_1/A1->ZN
                         AND2_X4                 ff   2252.4     25.1     25.1      0.0      8.7      0.3      2.5      1    40,   40  /PD_TOP        (1.10)
genblk1_17_FA/i_0_0/A2->ZN
                         OR2_X4                  ff   2297.1     44.7     44.7      0.0      5.1      0.5      5.9      2    40,   40  /PD_TOP        (1.10)
genblk1_18_FA/HA2/i_0_1/A1->ZN
                         AND2_X4                 ff   2322.2     25.1     25.1      0.0      8.7      0.3      2.5      1    40,   40  /PD_TOP        (1.10)
genblk1_18_FA/i_0_0/A2->ZN
                         OR2_X4                  ff   2366.9     44.7     44.7      0.0      5.1      0.5      5.9      2    40,   40  /PD_TOP        (1.10)
genblk1_19_FA/HA2/i_0_1/A1->ZN
                         AND2_X4                 ff   2392.0     25.1     25.1      0.0      8.7      0.3      2.5      1    40,   40  /PD_TOP        (1.10)
genblk1_19_FA/i_0_0/A2->ZN
                         OR2_X4                  ff   2436.7     44.7     44.7      0.0      5.1      0.5      5.9      2    40,   40  /PD_TOP        (1.10)
genblk1_20_FA/HA2/i_0_1/A1->ZN
                         AND2_X4                 ff   2461.8     25.1     25.1      0.0      8.7      0.3      2.5      1    40,   40  /PD_TOP        (1.10)
genblk1_20_FA/i_0_0/A2->ZN
                         OR2_X4                  ff   2506.5     44.7     44.7      0.0      5.1      0.5      5.9      2    40,   40  /PD_TOP        (1.10)
genblk1_21_FA/HA2/i_0_1/A1->ZN
                         AND2_X4                 ff   2531.6     25.1     25.1      0.0      8.7      0.3      2.5      1    40,   40  /PD_TOP        (1.10)
genblk1_21_FA/i_0_0/A2->ZN
                         OR2_X4                  ff   2576.3     44.7     44.7      0.0      5.1      0.5      5.9      2    40,   40  /PD_TOP        (1.10)
genblk1_22_FA/HA2/i_0_1/A1->ZN
                         AND2_X4                 ff   2601.4     25.1     25.1      0.0      8.7      0.3      2.5      1    40,   40  /PD_TOP        (1.10)
genblk1_22_FA/i_0_0/A2->ZN
                         OR2_X4                  ff   2646.1     44.7     44.7      0.0      5.1      0.5      5.9      2    40,   40  /PD_TOP        (1.10)
genblk1_23_FA/HA2/i_0_1/A1->ZN
                         AND2_X4                 ff   2671.2     25.1     25.1      0.0      8.7      0.3      2.5      1    40,   40  /PD_TOP        (1.10)
genblk1_23_FA/i_0_0/A2->ZN
                         OR2_X4                  ff   2715.9     44.7     44.7      0.0      5.1      0.5      5.9      2    40,   40  /PD_TOP        (1.10)
genblk1_24_FA/HA2/i_0_1/A1->ZN
                         AND2_X4                 ff   2741.0     25.1     25.1      0.0      8.7      0.3      2.5      1    40,   40  /PD_TOP        (1.10)
genblk1_24_FA/i_0_0/A2->ZN
                         OR2_X4                  ff   2785.7     44.7     44.7      0.0      5.1      0.5      5.9      2    40,   40  /PD_TOP        (1.10)
genblk1_25_FA/HA2/i_0_1/A1->ZN
                         AND2_X4                 ff   2810.8     25.1     25.1      0.0      8.7      0.3      2.5      1    40,   40  /PD_TOP        (1.10)
genblk1_25_FA/i_0_0/A2->ZN
                         OR2_X4                  ff   2855.5     44.7     44.7      0.0      5.1      0.5      5.9      2    40,   40  /PD_TOP        (1.10)
genblk1_26_FA/HA2/i_0_1/A1->ZN
                         AND2_X4                 ff   2880.6     25.1     25.1      0.0      8.7      0.3      2.5      1    40,   40  /PD_TOP        (1.10)
genblk1_26_FA/i_0_0/A2->ZN
                         OR2_X4                  ff   2925.3     44.7     44.7      0.0      5.1      0.5      5.9      2    40,   40  /PD_TOP        (1.10)
genblk1_27_FA/HA2/i_0_1/A1->ZN
                         AND2_X4                 ff   2950.4     25.1     25.1      0.0      8.7      0.3      2.5      1    40,   40  /PD_TOP        (1.10)
genblk1_27_FA/i_0_0/A2->ZN
                         OR2_X4                  ff   2995.1     44.7     44.7      0.0      5.1      0.5      5.9      2    40,   40  /PD_TOP        (1.10)
genblk1_28_FA/HA2/i_0_1/A1->ZN
                         AND2_X4                 ff   3020.2     25.1     25.1      0.0      8.7      0.3      2.5      1    40,   40  /PD_TOP        (1.10)
genblk1_28_FA/i_0_0/A2->ZN
                         OR2_X4                  ff   3064.9     44.7     44.7      0.0      5.1      0.5      5.9      2    40,   40  /PD_TOP        (1.10)
genblk1_29_FA/HA2/i_0_1/A1->ZN
                         AND2_X4                 ff   3090.0     25.1     25.1      0.0      8.7      0.3      2.5      1    40,   40  /PD_TOP        (1.10)
genblk1_29_FA/i_0_0/A2->ZN
                         OR2_X4                  ff   3134.7     44.7     44.7      0.0      5.1      0.5      5.9      2    40,   40  /PD_TOP        (1.10)
genblk1_30_FA/HA2/i_0_1/A1->ZN
                         AND2_X4                 ff   3159.8     25.1     25.1      0.0      8.7      0.3      2.5      1    40,   40  /PD_TOP        (1.10)
genblk1_30_FA/i_0_0/A2->ZN
                         OR2_X4                  ff   3204.5     44.7     44.7      0.0      5.1      0.5      5.9      2    40,   40  /PD_TOP        (1.10)
genblk1_31_FA/HA2/i_0_0/A->Z
                         XOR2_X2*                fr   3301.3     96.8     96.8      0.0      8.7      0.6     40.1      3    40,   40  /PD_TOP        (1.10)
i_0_0_3/A3->ZN           OAI33_X1                rf   3350.1     48.8     48.8      0.0     15.3      2.4     12.4      1    40,   40  /PD_TOP        (1.10)
OF                                                f   3350.3      0.2               0.2     33.9                             80,   43                       
------------------------------------------------------------------------------------------------------------------------------------------------------------
Report for group R2O
