warning: No library characterized for (process = 1.00 voltage = 0.85 temperature = 25.00) can be found in the database for power domain '/PD_TOP'  [NL-174]
Report Power (instances with prefix '*' are included in total) : 
-----+----------------+--------------------+---------------------+-------------------+-----------------
     | Instance       | Internal Power(uw) | Switching Power(uw) | Leakage Power(uw) | Total Power(uw) 
-----+----------------+--------------------+---------------------+-------------------+-----------------
1    |*MA2Comp        |            9.739904|             0.927097|           1.301777|        11.968778
2    |*MB2Comp        |            9.739904|             0.927097|           1.301777|        11.968778
3    |*sub            |            8.987204|            11.517994|           1.495844|        22.001041
4    |*addertop       |            2.088673|             2.636234|           0.862281|         5.587187
5    |*rightshiftertop|            2.025346|             1.139296|           0.862281|         4.026924
6    |*RSH            |            9.746918|             5.642179|           4.950692|        20.339788
7    |*A1             |            6.682040|             7.206679|           3.852715|        17.741434
8    |*finexp         |            0.885707|             1.203084|           0.500325|         2.589116
9    |*finalshifter   |            1.888546|             4.673675|           0.861906|         7.424127
10   |*finakM2Comp    |            1.311994|             1.027017|           1.326701|         3.665712
11   |*normalize      |            8.203578|            21.259129|           4.120123|        33.582829
12   |*i_0_0_0        |            0.032475|             0.576084|           0.022619|         0.631179
13   |*i_0_0_1        |            0.056482|             0.023156|           0.018105|         0.097742
14   |*i_0_0_2        |            0.160172|             0.049026|           0.035928|         0.245127
15   |*i_0_0_3        |            0.160426|             0.048999|           0.035928|         0.245354
16   |*i_0_0_4        |            0.160172|             0.049026|           0.035928|         0.245127
17   |*i_0_0_5        |            0.160172|             0.049026|           0.035928|         0.245127
18   |*i_0_0_6        |            0.160172|             0.049026|           0.035928|         0.245127
19   |*i_0_0_7        |            0.160234|             0.049026|           0.035928|         0.245188
20   |*i_0_0_8        |            0.160172|             0.049026|           0.035928|         0.245127
21   |*i_0_0_9        |            0.160172|             0.049026|           0.035928|         0.245127
22   |*i_0_0_10       |            0.160222|             0.049026|           0.035928|         0.245177
23   |*i_0_0_11       |            0.160172|             0.049026|           0.035928|         0.245127
24   |*i_0_0_12       |            0.160159|             0.049026|           0.035928|         0.245114
25   |*i_0_0_13       |            0.160172|             0.049026|           0.035928|         0.245127
26   |*i_0_0_14       |            0.160172|             0.049026|           0.035928|         0.245127
27   |*i_0_0_15       |            0.160159|             0.049026|           0.035928|         0.245114
28   |*i_0_0_16       |            0.160159|             0.049026|           0.035928|         0.245114
29   |*i_0_0_17       |            0.160172|             0.049026|           0.035928|         0.245127
30   |*i_0_0_18       |            0.160172|             0.049026|           0.035928|         0.245127
31   |*i_0_0_19       |            0.160159|             0.049026|           0.035928|         0.245114
32   |*i_0_0_20       |            0.160159|             0.049026|           0.035928|         0.245114
33   |*i_0_0_21       |            0.160172|             0.049026|           0.035928|         0.245127
34   |*i_0_0_22       |            0.160172|             0.049026|           0.035928|         0.245127
35   |*i_0_0_23       |            0.160159|             0.049026|           0.035928|         0.245114
36   |*i_0_0_24       |            0.043747|             0.036392|           0.022695|         0.102834
37   |*i_0_0_25       |            0.160172|             0.049026|           0.035928|         0.245127
38   |*i_0_0_26       |            0.160426|             0.048999|           0.035928|         0.245354
39   |*i_0_0_27       |            0.160172|             0.049026|           0.035928|         0.245127
40   |*i_0_0_28       |            0.160172|             0.049026|           0.035928|         0.245127
41   |*i_0_0_29       |            0.160172|             0.049026|           0.035928|         0.245127
42   |*i_0_0_30       |            0.160234|             0.049026|           0.035928|         0.245188
43   |*i_0_0_31       |            0.160172|             0.049026|           0.035928|         0.245127
44   |*i_0_0_32       |            0.160172|             0.049026|           0.035928|         0.245127
45   |*i_0_0_33       |            0.160222|             0.049026|           0.035928|         0.245177
46   |*i_0_0_34       |            0.160172|             0.049026|           0.035928|         0.245127
47   |*i_0_0_35       |            0.160159|             0.049026|           0.035928|         0.245114
48   |*i_0_0_36       |            0.160172|             0.049026|           0.035928|         0.245127
49   |*i_0_0_37       |            0.160172|             0.049026|           0.035928|         0.245127
50   |*i_0_0_38       |            0.160159|             0.049026|           0.035928|         0.245114
51   |*i_0_0_39       |            0.160159|             0.049026|           0.035928|         0.245114
52   |*i_0_0_40       |            0.160172|             0.049026|           0.035928|         0.245127
53   |*i_0_0_41       |            0.160172|             0.049026|           0.035928|         0.245127
54   |*i_0_0_42       |            0.160159|             0.049026|           0.035928|         0.245114
55   |*i_0_0_43       |            0.160159|             0.049026|           0.035928|         0.245114
56   |*i_0_0_44       |            0.160172|             0.049026|           0.035928|         0.245127
57   |*i_0_0_45       |            0.160172|             0.049026|           0.035928|         0.245127
58   |*i_0_0_46       |            0.160159|             0.049026|           0.035928|         0.245114
59   |*i_0_0_47       |            0.043747|             0.036392|           0.022695|         0.102834
60   |*i_0_0_48       |            0.007840|             0.108708|           0.025066|         0.141613
61   |*i_0_0_49       |            0.182168|             0.056938|           0.035928|         0.275035
62   |*i_0_0_50       |            0.182222|             0.052977|           0.035928|         0.271127
63   |*i_0_0_51       |            0.182222|             0.052977|           0.035928|         0.271127
64   |*i_0_0_52       |            0.182222|             0.052977|           0.035928|         0.271127
65   |*i_0_0_53       |            0.182222|             0.052977|           0.035928|         0.271127
66   |*i_0_0_54       |            0.182222|             0.052977|           0.035928|         0.271127
67   |*i_0_0_55       |            0.182222|             0.052977|           0.035928|         0.271127
68   |*i_0_0_56       |            0.182207|             0.054027|           0.035928|         0.272163
69   |*i_0_0_57       |            0.089763|             0.199065|           0.036441|         0.325268
70   |*i_0_0_58       |            0.092897|             0.199052|           0.036441|         0.328390
71   |*i_0_0_59       |            0.050720|             0.060044|           0.036441|         0.147205
72   |*i_0_0_60       |            0.094035|             0.199236|           0.036441|         0.329712
73   |*i_0_0_61       |            0.102885|             0.060044|           0.036441|         0.199370
74   |*i_0_0_62       |            0.055633|             0.199180|           0.036441|         0.291254
75   |*i_0_0_63       |            0.049376|             0.060044|           0.036441|         0.145861
76   |*i_0_0_64       |            0.099233|             0.199112|           0.036441|         0.334785
77   |*i_0_0_65       |            0.066746|             0.060032|           0.022695|         0.149473
78   |*i_0_0_66       |            0.103052|             0.199120|           0.036441|         0.338613
79   |*i_0_0_67       |            0.105622|             0.199304|           0.036441|         0.341367
80   |*i_0_0_68       |            0.106953|             0.199236|           0.036164|         0.342352
81   |*i_0_0_69       |            0.000465|             0.000593|           0.021200|         0.022258
82   |*i_0_0_70       |            0.001362|             0.002694|           0.022695|         0.026751
83   |*i_0_0_71       |            0.001237|             0.004058|           0.014353|         0.019648
84   |*i_0_0_72       |            0.001710|             0.016271|           0.027858|         0.045839
85   |*i_0_0_73       |            0.070265|             0.100561|           0.025066|         0.195892
86   |*i_0_0_74       |            0.003220|             0.009695|           0.022619|         0.035534
87   |*i_0_0_75       |            0.049807|             0.063923|           0.017393|         0.131124
88   |*i_0_0_76       |            0.007162|             0.018618|           0.022619|         0.048399
89   |*i_0_0_77       |            0.004699|             0.009842|           0.014353|         0.028894
90   |*i_0_0_78       |            0.006738|             0.060044|           0.027858|         0.094640
91   |*i_0_0_79       |            0.010810|             0.039657|           0.022619|         0.073087
92   |*i_0_0_80       |            0.017906|             0.024478|           0.022619|         0.065003
93   |*i_0_0_81       |            0.016656|             0.029209|           0.022695|         0.068561
94   |*i_0_0_82       |            0.011135|             0.435871|           0.014353|         0.461359
95   |*i_0_0_83       |            0.027742|             0.228683|           0.026832|         0.283257
96   |*i_0_0_84       |            0.000087|             0.000122|           0.048314|         0.048523
97   |*i_0_0_85       |            0.000005|             0.000006|           0.032601|         0.032612
98   |*i_0_0_86       |            0.029736|             0.025760|           0.021200|         0.076696
99   |*i_0_0_87       |            0.029887|             0.059587|           0.021200|         0.110673
100  |*i_0_0_88       |            0.030032|             0.059516|           0.021200|         0.110747
101  |*i_0_0_89       |            0.040350|             0.060071|           0.027858|         0.128280
102  |*i_0_0_90       |            0.084063|             0.117317|           0.035928|         0.237308
103  |*i_0_0_91       |            0.020478|             0.029661|           0.026832|         0.076970
104  |*i_0_0_92       |            0.039613|             0.057241|           0.027858|         0.124712
105  |*i_0_0_93       |            0.042020|             0.061960|           0.022619|         0.126599
106  |*i_0_0_94       |            0.043045|             0.062306|           0.027858|         0.133209
107  |*i_0_0_95       |            0.041233|             0.027093|           0.027858|         0.096184
108  |*i_0_0_96       |            0.046780|             0.067711|           0.022619|         0.137111
109  |*i_0_0_97       |            0.007159|             0.019655|           0.014353|         0.041167
110  |*i_0_0_98       |            0.015181|             0.445386|           0.022619|         0.483187
111  |*i_0_0_99       |            0.028122|             0.041794|           0.027858|         0.097774
112  |*i_0_0_100      |            0.023725|             0.133048|           0.014353|         0.171126
113  |*i_0_0_101      |            0.088370|             0.437031|           0.035928|         0.561329
114  |*i_0_0_102      |            0.023418|             0.110195|           0.014353|         0.147966
115  |*i_0_0_103      |            0.045642|             0.448037|           0.022619|         0.516299
116  |*i_0_0_104      |            0.051935|             0.052915|           0.022695|         0.127544
117  |*i_0_0_105      |            0.010256|             0.019356|           0.017393|         0.047005
118  |*i_0_0_106      |            0.020966|             0.037654|           0.017393|         0.076013
119  |*i_0_0_107      |            0.036832|             0.044793|           0.022619|         0.104244
120  |*i_0_0_108      |            0.035920|             0.041973|           0.034566|         0.112459
121  |*i_0_0_109      |            0.027844|             0.065332|           0.022619|         0.115796
122  |*i_0_0_110      |            0.002234|             0.095360|           0.014353|         0.111947
123  |*i_0_0_111      |            0.002648|             0.054936|           0.021200|         0.078783
124  |*i_0_0_112      |            0.000000|             0.000000|           0.021200|         0.021200
125  |*i_0_0_113      |            0.000000|             0.000001|           0.024415|         0.024416
126  |*i_0_0_114      |            0.084104|             0.116752|           0.035928|         0.236784
127  |*i_0_0_115      |            0.085208|             0.154857|           0.035928|         0.275994
128  |*i_0_0_116      |            0.049104|             0.098624|           0.022695|         0.170423
129  |*i_0_0_117      |            0.085060|             0.154808|           0.035928|         0.275796
130  |*i_0_0_118      |            0.085094|             0.154317|           0.035928|         0.275339
131  |*i_0_0_119      |            0.003089|             0.006427|           0.021200|         0.030716
132  |*i_0_0_120      |            0.009230|             0.013458|           0.027858|         0.050546
133  |*i_0_0_121      |            0.000135|             0.000182|           0.021200|         0.021517
134  |*i_0_0_122      |            0.000132|             0.006585|           0.014353|         0.021070
135  |*i_0_0_123      |            0.000240|             0.002886|           0.022619|         0.025746
136  |*i_0_0_124      |            0.000000|             0.000000|           0.014353|         0.014354
137  |*i_0_0_125      |            0.000001|             0.000005|           0.022695|         0.022701
138  |*i_0_0_126      |            0.000001|             0.000029|           0.014353|         0.014383
139  |*i_0_0_127      |            0.000001|             0.000012|           0.018127|         0.018140
140  |*i_0_0_128      |            0.005572|             0.030861|           0.014353|         0.050786
141  |*i_0_0_129      |            0.007980|             0.121273|           0.017393|         0.146646
142  |*i_0_0_130      |            0.025643|             0.080527|           0.021200|         0.127369
143  |*i_0_0_131      |            0.023643|             0.065177|           0.014353|         0.103174
144  |*i_0_0_132      |            0.088759|             0.505060|           0.035928|         0.629748
145  |*i_0_0_133      |            0.023640|             0.063789|           0.014353|         0.101782
146  |*i_0_0_134      |            0.088738|             0.506216|           0.035928|         0.630882
147  |*i_0_0_135      |            0.025690|             0.045828|           0.021200|         0.092718
148  |*i_0_0_136      |            0.086914|             0.223641|           0.035928|         0.346483
149  |*i_0_0_137      |            0.085994|             0.188987|           0.035928|         0.310909
150  |*i_0_0_138      |            0.008121|             0.030607|           0.017393|         0.056122
151  |*i_0_0_139      |            0.025785|             0.142499|           0.021200|         0.189484
152  |*i_0_0_140      |            0.023638|             0.063111|           0.014353|         0.101103
153  |*i_0_0_141      |            0.088774|             0.505061|           0.035928|         0.629763
154  |*i_0_0_142      |            0.085820|             0.182460|           0.035928|         0.304208
155  |*i_0_0_143      |            0.025812|             0.091625|           0.021200|         0.138636
156  |*i_0_0_144      |            0.087399|             0.247567|           0.035928|         0.370894
157  |*i_0_0_145      |            0.085818|             0.183290|           0.035928|         0.305037
158  |*i_0_0_146      |            0.000133|             0.000689|           0.014353|         0.015175
159  |*i_0_0_147      |            0.000376|             0.002726|           0.022695|         0.025797
160  |*i_0_0_148      |            0.003610|             0.010350|           0.017393|         0.031354
161  |*i_0_0_149      |            0.025679|             0.095197|           0.021200|         0.142075
162  |*i_0_0_150      |            0.023640|             0.063789|           0.014353|         0.101782
163  |*i_0_0_151      |            0.088714|             0.505060|           0.035928|         0.629703
164  |*i_0_0_152      |            0.023643|             0.065177|           0.014353|         0.103174
165  |*i_0_0_153      |            0.088801|             0.506216|           0.035928|         0.630946
166  |*i_0_0_154      |            0.016152|             0.045833|           0.026832|         0.088817
167  |*i_0_0_155      |            0.087303|             0.130120|           0.035928|         0.253351
168  |*i_0_0_156      |            0.085053|             0.151658|           0.035928|         0.272639
169  |*i_0_0_157      |            0.009726|             0.034564|           0.018105|         0.062395
170  |*i_0_0_158      |            0.023354|             0.047636|           0.014353|         0.085344
171  |*i_0_0_159      |            0.045579|             0.520904|           0.022619|         0.589103
172  |*i_0_0_160      |            0.051935|             0.052915|           0.022695|         0.127544
173  |*i_0_0_161      |            0.023653|             0.068855|           0.014353|         0.106861
174  |*i_0_0_162      |            0.088740|             0.503592|           0.035928|         0.628260
175  |*i_0_0_163      |            0.025671|             0.095965|           0.021200|         0.142836
176  |*i_0_0_164      |            0.085725|             0.179815|           0.035928|         0.301469
177  |*i_0_0_165      |            0.086007|             0.183290|           0.035928|         0.305225
178  |*i_0_0_166      |            0.026617|             0.196314|           0.014353|         0.237284
179  |*i_0_0_167      |            0.205767|             0.383338|           0.027858|         0.616963
180  |*i_0_0_168      |            0.035465|             1.309509|           0.021200|         1.366174
181  |*i_0_0_169      |            0.023278|             0.065814|           0.014353|         0.103446
182  |*i_0_0_170      |            0.068014|             0.614533|           0.025066|         0.707614
183  |*i_0_0_171      |            0.079844|             0.701779|           0.017393|         0.799016
184  |*i_0_0_172      |            0.142679|             0.748652|           0.022695|         0.914026
185  |*i_0_0_173      |            0.434400|             0.161623|           0.014353|         0.610377
186  |*i_0_0_174      |            0.023775|             0.116627|           0.014353|         0.154755
187  |*i_0_0_175      |            0.023086|             0.126441|           0.014353|         0.163880
188  |                |                    |                     |                   |                 
189  |*TOTAL          |           75.346962|            78.755180|          26.388346|       180.490494
-----+----------------+--------------------+---------------------+-------------------+-----------------
