Report Instance Areas: 
-----+-----------------+-------------------+-----+---------
     |Instance         |Module             |Cells|Cell Area
-----+-----------------+-------------------+-----+---------
1    |top              |                   |  212|      280
2    |  genblk1_0_cba_8|bypass_block__0_130|   52|       69
3    |    genblk1_0_fa |full_adder__0_129  |    5|        6
4    |      HA1        |half_adder__0_128  |    2|        3
5    |      HA2        |half_adder__0_125  |    2|        3
6    |    genblk1_1_fa |full_adder__0_121  |    5|        6
7    |      HA1        |half_adder__0_120  |    2|        3
8    |      HA2        |half_adder__0_117  |    2|        3
9    |    genblk1_2_fa |full_adder__0_113  |    5|        6
10   |      HA1        |half_adder__0_112  |    2|        3
11   |      HA2        |half_adder__0_109  |    2|        3
12   |    genblk1_3_fa |full_adder__0_105  |    5|        6
13   |      HA1        |half_adder__0_104  |    2|        3
14   |      HA2        |half_adder__0_101  |    2|        3
15   |    genblk1_4_fa |full_adder__0_97   |    5|        6
16   |      HA1        |half_adder__0_96   |    2|        3
17   |      HA2        |half_adder__0_93   |    2|        3
18   |    genblk1_5_fa |full_adder__0_89   |    5|        6
19   |      HA1        |half_adder__0_88   |    2|        3
20   |      HA2        |half_adder__0_85   |    2|        3
21   |    genblk1_6_fa |full_adder__0_81   |    5|        6
22   |      HA1        |half_adder__0_80   |    2|        3
23   |      HA2        |half_adder__0_77   |    2|        3
24   |    genblk1_7_fa |full_adder__0_73   |    5|        6
25   |      HA1        |half_adder__0_72   |    2|        3
26   |      HA2        |half_adder__0_69   |    2|        3
27   |  genblk1_1_cba_8|bypass_block__0_197|   52|       69
28   |    genblk1_0_fa |full_adder__0_196  |    5|        6
29   |      HA1        |half_adder__0_195  |    2|        3
30   |      HA2        |half_adder__0_192  |    2|        3
31   |    genblk1_1_fa |full_adder__0_188  |    5|        6
32   |      HA1        |half_adder__0_187  |    2|        3
33   |      HA2        |half_adder__0_184  |    2|        3
34   |    genblk1_2_fa |full_adder__0_180  |    5|        6
35   |      HA1        |half_adder__0_179  |    2|        3
36   |      HA2        |half_adder__0_176  |    2|        3
37   |    genblk1_3_fa |full_adder__0_172  |    5|        6
38   |      HA1        |half_adder__0_171  |    2|        3
39   |      HA2        |half_adder__0_168  |    2|        3
40   |    genblk1_4_fa |full_adder__0_164  |    5|        6
41   |      HA1        |half_adder__0_163  |    2|        3
42   |      HA2        |half_adder__0_160  |    2|        3
43   |    genblk1_5_fa |full_adder__0_156  |    5|        6
44   |      HA1        |half_adder__0_155  |    2|        3
45   |      HA2        |half_adder__0_152  |    2|        3
46   |    genblk1_6_fa |full_adder__0_148  |    5|        6
47   |      HA1        |half_adder__0_147  |    2|        3
48   |      HA2        |half_adder__0_144  |    2|        3
49   |    genblk1_7_fa |full_adder__0_140  |    5|        6
50   |      HA1        |half_adder__0_139  |    2|        3
51   |      HA2        |half_adder__0_136  |    2|        3
52   |  genblk1_2_cba_8|bypass_block__0_264|   52|       69
53   |    genblk1_0_fa |full_adder__0_263  |    5|        6
54   |      HA1        |half_adder__0_262  |    2|        3
55   |      HA2        |half_adder__0_259  |    2|        3
56   |    genblk1_1_fa |full_adder__0_255  |    5|        6
57   |      HA1        |half_adder__0_254  |    2|        3
58   |      HA2        |half_adder__0_251  |    2|        3
59   |    genblk1_2_fa |full_adder__0_247  |    5|        6
60   |      HA1        |half_adder__0_246  |    2|        3
61   |      HA2        |half_adder__0_243  |    2|        3
62   |    genblk1_3_fa |full_adder__0_239  |    5|        6
63   |      HA1        |half_adder__0_238  |    2|        3
64   |      HA2        |half_adder__0_235  |    2|        3
65   |    genblk1_4_fa |full_adder__0_231  |    5|        6
66   |      HA1        |half_adder__0_230  |    2|        3
67   |      HA2        |half_adder__0_227  |    2|        3
68   |    genblk1_5_fa |full_adder__0_223  |    5|        6
69   |      HA1        |half_adder__0_222  |    2|        3
70   |      HA2        |half_adder__0_219  |    2|        3
71   |    genblk1_6_fa |full_adder__0_215  |    5|        6
72   |      HA1        |half_adder__0_214  |    2|        3
73   |      HA2        |half_adder__0_211  |    2|        3
74   |    genblk1_7_fa |full_adder__0_207  |    5|        6
75   |      HA1        |half_adder__0_206  |    2|        3
76   |      HA2        |half_adder__0_203  |    2|        3
77   |  genblk1_3_cba_8|bypass_block       |   52|       69
78   |    genblk1_0_fa |full_adder__0_15   |    5|        6
79   |      HA1        |half_adder__0_14   |    2|        3
80   |      HA2        |half_adder__0_11   |    2|        3
81   |    genblk1_1_fa |full_adder__0_23   |    5|        6
82   |      HA1        |half_adder__0_22   |    2|        3
83   |      HA2        |half_adder__0_19   |    2|        3
84   |    genblk1_2_fa |full_adder__0_31   |    5|        6
85   |      HA1        |half_adder__0_30   |    2|        3
86   |      HA2        |half_adder__0_27   |    2|        3
87   |    genblk1_3_fa |full_adder__0_39   |    5|        6
88   |      HA1        |half_adder__0_38   |    2|        3
89   |      HA2        |half_adder__0_35   |    2|        3
90   |    genblk1_4_fa |full_adder__0_47   |    5|        6
91   |      HA1        |half_adder__0_46   |    2|        3
92   |      HA2        |half_adder__0_43   |    2|        3
93   |    genblk1_5_fa |full_adder__0_55   |    5|        6
94   |      HA1        |half_adder__0_54   |    2|        3
95   |      HA2        |half_adder__0_51   |    2|        3
96   |    genblk1_6_fa |full_adder__0_63   |    5|        6
97   |      HA1        |half_adder__0_62   |    2|        3
98   |      HA2        |half_adder__0_59   |    2|        3
99   |    genblk1_7_fa |full_adder         |    5|        6
100  |      HA1        |half_adder__0_7    |    2|        3
101  |      HA2        |half_adder         |    2|        3
-----+-----------------+-------------------+-----+---------
